Log file C:\Users\Cornelio\Desktop\Chocolate Box\FableMod.Gfx.Log opened.
Spatial Destructor: "GfxController_Root"
Spatial Destructor: "GfxController_Root"
Spatial Destructor: ""
Spatial Destructor: ""
Spatial Destructor: ""
Spatial Destructor: ""
Spatial Destructor: ""
Spatial Destructor: ""
Spatial Destructor: ""
Spatial Destructor: ""
Spatial Destructor: ""
Spatial Destructor: ""
Spatial Destructor: ""
Spatial Destructor: ""
Spatial Destructor: "GfxController_Root"
Spatial Destructor: "GfxController_Root"
Spatial Destructor: "GfxController_Root"
Spatial Destructor: "GfxController_Root"
Manager::Dispose...
Device::Dispose...
Spatial Destructor: ""
Spatial Destructor: ""
Spatial Destructor: ""
Spatial Destructor: ""
Spatial Destructor: ""
Spatial Destructor: ""
Spatial Destructor: ""
Spatial Destructor: ""
Spatial Destructor: ""
Spatial Destructor: ""
Spatial Destructor: ""
Spatial Destructor: ""
Spatial Destructor: ""
Spatial Destructor: ""
Spatial Destructor: ""
Spatial Destructor: ""
Spatial Destructor: ""
Spatial Destructor: ""
Spatial Destructor: ""
Spatial Destructor: ""
Spatial Destructor: ""
Spatial Destructor: ""
Spatial Destructor: ""
Spatial Destructor: ""
Spatial Destructor: ""
Spatial Destructor: ""
Spatial Destructor: ""
Spatial Destructor: ""
Spatial Destructor: ""
Spatial Destructor: ""
Spatial Destructor: ""
Spatial Destructor: ""
Spatial Destructor: ""
Spatial Destructor: ""
Spatial Destructor: ""
Spatial Destructor: ""
Spatial Destructor: ""
Spatial Destructor: ""
Spatial Destructor: ""
Spatial Destructor: ""
Spatial Destructor: ""
Spatial Destructor: ""
Spatial Destructor: ""
Spatial Destructor: ""
Spatial Destructor: ""
Spatial Destructor: ""
Spatial Destructor: ""
Spatial Destructor: ""
Spatial Destructor: ""
Spatial Destructor: ""
