Reading file C:\Programs\Steam\steamapps\common\Fable The Lost Chapters\data\levels\FinalAlbion\MayorsHouseHallway.lev
HeaderSize: 25
Version: 6404
Pad: 0, 0, 0
Reserved1: 3623878656
ObsOffset: 137664
Reserved2: 3624727196
NavOffset: 171465
MapHeaderSize: 34
MapVersion: 8
MapPad: 1, 0, 9
UsedID Lo, Hi: 104, 0
MapSize: 96x32
Boolean: 1
Version: 3
CellsOffset: 68331
AfterCellsOffset: 135552
UnknownDataSize: 35913
Reading navigation data...
NumNavSections: 1
 [0] Name: NULL
SectionOffset[0] = 171485
Section FileSize: 217350
Section Version: 8
Section Size: 96x32
Section NumLevels: 2
NumInteractives: 0
NumSubsets: 1
NumNavNodes: 1190
SectionDataSize[0] = 45861
