Reading file C:\Programs\Steam\steamapps\common\Fable The Lost Chapters\data\levels\creature_hub.lev
HeaderSize: 25
Version: 6404
Pad: 0, 0, 0
Reserved1: 3623878656
ObsOffset: 91776
Reserved2: 1477743270
NavOffset: 125577
MapHeaderSize: 34
MapVersion: 8
MapPad: 1, 0, 9
UsedID Lo, Hi: 27192, 0
MapSize: 32x32
Boolean: 1
Version: 3
CellsOffset: 68203
AfterCellsOffset: 91072
UnknownDataSize: 34505
Reading navigation data...
NumNavSections: 1
 [0] Name: NULL
SectionOffset[0] = 125597
Section FileSize: 134275
Section Version: 8
Section Size: 32x32
Section NumLevels: 3
NumInteractives: 0
NumSubsets: 1
NumNavNodes: 222
SectionDataSize[0] = 8674
